android-app/app/build/outputs/logs/manifest-merger-debug-report.txt
-- Merging decision tree log ---
manifest
ADDED from src/main/AndroidManifest.xml:2:1-26:12
INJECTED from src/main/AndroidManifest.xml:2:1-26:12
INJECTED from src/main/AndroidManifest.xml:2:1-26:12
INJECTED from src/main/AndroidManifest.xml:2:1-26:12
MERGED from [:openAL4Android] AndroidManifest.xml:2:1-10:12
MERGED from [com.android.support:appcompat-v7:26.1.0] AndroidManifest.xml:17:1-31:12
MERGED from [com.android.support.constraint:constraint-layout:1.0.2] AndroidManifest.xml:2:1-11:12
MERGED from [org.tensorflow:tensorflow-android:1.11.0] AndroidManifest.xml:2:1-8:12
MERGED from [com.android.support:animated-vector-drawable:26.1.0] AndroidManifest.xml:17:1-28:12
MERGED from [com.android.support:support-vector-drawable:26.1.0] AndroidManifest.xml:17:1-28:12
MERGED from [com.android.support:support-v4:26.1.0] AndroidManifest.xml:17:1-31:12
MERGED from [com.android.support:support-media-compat:26.1.0] AndroidManifest.xml:17:1-31:12
MERGED from [com.android.support:support-fragment:26.1.0] AndroidManifest.xml:17:1-31:12
MERGED from [com.android.support:support-core-utils:26.1.0] AndroidManifest.xml:17:1-31:12
MERGED from [com.android.support:support-core-ui:26.1.0] AndroidManifest.xml:17:1-31:12
MERGED from [com.android.support:support-compat:26.1.0] AndroidManifest.xml:17:1-31:12
MERGED from [android.arch.lifecycle:runtime:1.0.0] AndroidManifest.xml:17:1-30:12
INJECTED from src/main/AndroidManifest.xml:2:1-26:12
INJECTED from src/main/AndroidManifest.xml:2:1-26:12
INJECTED from src/main/AndroidManifest.xml:2:1-26:12
	package
		ADDED from src/main/AndroidManifest.xml:3:5-52
		INJECTED from src/main/AndroidManifest.xml
		INJECTED from src/main/AndroidManifest.xml
	android:versionName
		INJECTED from src/main/AndroidManifest.xml
		ADDED from src/main/AndroidManifest.xml:2:1-26:12
		INJECTED from src/main/AndroidManifest.xml
	android:versionCode
		INJECTED from src/main/AndroidManifest.xml
		ADDED from src/main/AndroidManifest.xml:2:1-26:12
		INJECTED from src/main/AndroidManifest.xml
	xmlns:android
		ADDED from src/main/AndroidManifest.xml:2:11-69
uses-permission#android.permission.CAMERA
ADDED from src/main/AndroidManifest.xml:5:5-65
	android:name
		ADDED from src/main/AndroidManifest.xml:5:22-62
uses-feature#android.hardware.camera
ADDED from src/main/AndroidManifest.xml:6:5-60
	android:name
		ADDED from src/main/AndroidManifest.xml:6:19-57
uses-feature#android.hardware.camera.autofocus
ADDED from src/main/AndroidManifest.xml:7:5-70
	android:name
		ADDED from src/main/AndroidManifest.xml:7:19-67
application
ADDED from src/main/AndroidManifest.xml:9:5-24:19
MERGED from [com.android.support:appcompat-v7:26.1.0] AndroidManifest.xml:25:5-29:19
MERGED from [com.android.support:appcompat-v7:26.1.0] AndroidManifest.xml:25:5-29:19
MERGED from [com.android.support.constraint:constraint-layout:1.0.2] AndroidManifest.xml:9:5-20
MERGED from [com.android.support.constraint:constraint-layout:1.0.2] AndroidManifest.xml:9:5-20
MERGED from [org.tensorflow:tensorflow-android:1.11.0] AndroidManifest.xml:5:5-6:19
MERGED from [org.tensorflow:tensorflow-android:1.11.0] AndroidManifest.xml:5:5-6:19
MERGED from [com.android.support:animated-vector-drawable:26.1.0] AndroidManifest.xml:22:5-26:19
MERGED from [com.android.support:animated-vector-drawable:26.1.0] AndroidManifest.xml:22:5-26:19
MERGED from [com.android.support:support-vector-drawable:26.1.0] AndroidManifest.xml:22:5-26:19
MERGED from [com.android.support:support-vector-drawable:26.1.0] AndroidManifest.xml:22:5-26:19
MERGED from [com.android.support:support-v4:26.1.0] AndroidManifest.xml:25:5-29:19
MERGED from [com.android.support:support-v4:26.1.0] AndroidManifest.xml:25:5-29:19
MERGED from [com.android.support:support-media-compat:26.1.0] AndroidManifest.xml:25:5-29:19
MERGED from [com.android.support:support-media-compat:26.1.0] AndroidManifest.xml:25:5-29:19
MERGED from [com.android.support:support-fragment:26.1.0] AndroidManifest.xml:25:5-29:19
MERGED from [com.android.support:support-fragment:26.1.0] AndroidManifest.xml:25:5-29:19
MERGED from [com.android.support:support-core-utils:26.1.0] AndroidManifest.xml:25:5-29:19
MERGED from [com.android.support:support-core-utils:26.1.0] AndroidManifest.xml:25:5-29:19
MERGED from [com.android.support:support-core-ui:26.1.0] AndroidManifest.xml:25:5-29:19
MERGED from [com.android.support:support-core-ui:26.1.0] AndroidManifest.xml:25:5-29:19
MERGED from [com.android.support:support-compat:26.1.0] AndroidManifest.xml:25:5-29:19
MERGED from [com.android.support:support-compat:26.1.0] AndroidManifest.xml:25:5-29:19
MERGED from [android.arch.lifecycle:runtime:1.0.0] AndroidManifest.xml:24:5-28:19
MERGED from [android.arch.lifecycle:runtime:1.0.0] AndroidManifest.xml:24:5-28:19
	android:supportsRtl
		ADDED from src/main/AndroidManifest.xml:14:9-35
	android:label
		ADDED from src/main/AndroidManifest.xml:12:9-41
	android:roundIcon
		ADDED from src/main/AndroidManifest.xml:13:9-54
	android:icon
		ADDED from src/main/AndroidManifest.xml:11:9-43
	android:allowBackup
		ADDED from src/main/AndroidManifest.xml:10:9-35
	android:theme
		ADDED from src/main/AndroidManifest.xml:15:9-40
activity#com.example.rogergirgis.wsapplication.MainActivity
ADDED from src/main/AndroidManifest.xml:16:9-22:20
	android:screenOrientation
		ADDED from src/main/AndroidManifest.xml:16:48-84
	android:name
		ADDED from src/main/AndroidManifest.xml:16:19-47
intent-filter#action:name:android.intent.action.MAIN+category:name:android.intent.category.LAUNCHER
ADDED from src/main/AndroidManifest.xml:17:13-21:29
action#android.intent.action.MAIN
ADDED from src/main/AndroidManifest.xml:18:17-69
	android:name
		ADDED from src/main/AndroidManifest.xml:18:25-66
category#android.intent.category.LAUNCHER
ADDED from src/main/AndroidManifest.xml:20:17-77
	android:name
		ADDED from src/main/AndroidManifest.xml:20:27-74
activity#com.example.rogergirgis.wsapplication.WSActivity
ADDED from src/main/AndroidManifest.xml:23:9-84
	android:screenOrientation
		ADDED from src/main/AndroidManifest.xml:23:46-82
	android:name
		ADDED from src/main/AndroidManifest.xml:23:19-45
uses-sdk
INJECTED from src/main/AndroidManifest.xml reason: use-sdk injection requested
INJECTED from src/main/AndroidManifest.xml
INJECTED from src/main/AndroidManifest.xml
MERGED from [:openAL4Android] AndroidManifest.xml:6:5-8:40
MERGED from [:openAL4Android] AndroidManifest.xml:6:5-8:40
MERGED from [com.android.support:appcompat-v7:26.1.0] AndroidManifest.xml:21:5-23:78
MERGED from [com.android.support:appcompat-v7:26.1.0] AndroidManifest.xml:21:5-23:78
MERGED from [com.android.support.constraint:constraint-layout:1.0.2] AndroidManifest.xml:5:5-7:41
MERGED from [com.android.support.constraint:constraint-layout:1.0.2] AndroidManifest.xml:5:5-7:41
MERGED from [com.android.support:animated-vector-drawable:26.1.0] AndroidManifest.xml:20:5-44
MERGED from [com.android.support:animated-vector-drawable:26.1.0] AndroidManifest.xml:20:5-44
MERGED from [com.android.support:support-vector-drawable:26.1.0] AndroidManifest.xml:20:5-44
MERGED from [com.android.support:support-vector-drawable:26.1.0] AndroidManifest.xml:20:5-44
MERGED from [com.android.support:support-v4:26.1.0] AndroidManifest.xml:21:5-23:54
MERGED from [com.android.support:support-v4:26.1.0] AndroidManifest.xml:21:5-23:54
MERGED from [com.android.support:support-media-compat:26.1.0] AndroidManifest.xml:21:5-23:63
MERGED from [com.android.support:support-media-compat:26.1.0] AndroidManifest.xml:21:5-23:63
MERGED from [com.android.support:support-fragment:26.1.0] AndroidManifest.xml:21:5-23:60
MERGED from [com.android.support:support-fragment:26.1.0] AndroidManifest.xml:21:5-23:60
MERGED from [com.android.support:support-core-utils:26.1.0] AndroidManifest.xml:21:5-23:61
MERGED from [com.android.support:support-core-utils:26.1.0] AndroidManifest.xml:21:5-23:61
MERGED from [com.android.support:support-core-ui:26.1.0] AndroidManifest.xml:21:5-23:58
MERGED from [com.android.support:support-core-ui:26.1.0] AndroidManifest.xml:21:5-23:58
MERGED from [com.android.support:support-compat:26.1.0] AndroidManifest.xml:21:5-23:58
MERGED from [com.android.support:support-compat:26.1.0] AndroidManifest.xml:21:5-23:58
MERGED from [android.arch.lifecycle:runtime:1.0.0] AndroidManifest.xml:20:5-22:41
MERGED from [android.arch.lifecycle:runtime:1.0.0] AndroidManifest.xml:20:5-22:41
INJECTED from src/main/AndroidManifest.xml
INJECTED from src/main/AndroidManifest.xml
	tools:overrideLibrary
		ADDED from [com.android.support:appcompat-v7:26.1.0] AndroidManifest.xml:23:9-75
	android:targetSdkVersion
		INJECTED from src/main/AndroidManifest.xml
		ADDED from src/main/AndroidManifest.xml
		INJECTED from src/main/AndroidManifest.xml
	android:minSdkVersion
		INJECTED from src/main/AndroidManifest.xml
		ADDED from src/main/AndroidManifest.xml
		INJECTED from src/main/AndroidManifest.xml
meta-data#android.support.VERSION
ADDED from [com.android.support:appcompat-v7:26.1.0] AndroidManifest.xml:26:9-28:38
MERGED from [com.android.support:animated-vector-drawable:26.1.0] AndroidManifest.xml:23:9-25:38
MERGED from [com.android.support:animated-vector-drawable:26.1.0] AndroidManifest.xml:23:9-25:38
MERGED from [com.android.support:support-vector-drawable:26.1.0] AndroidManifest.xml:23:9-25:38
MERGED from [com.android.support:support-vector-drawable:26.1.0] AndroidManifest.xml:23:9-25:38
MERGED from [com.android.support:support-v4:26.1.0] AndroidManifest.xml:26:9-28:38
MERGED from [com.android.support:support-v4:26.1.0] AndroidManifest.xml:26:9-28:38
MERGED from [com.android.support:support-media-compat:26.1.0] AndroidManifest.xml:26:9-28:38
MERGED from [com.android.support:support-media-compat:26.1.0] AndroidManifest.xml:26:9-28:38
MERGED from [com.android.support:support-fragment:26.1.0] AndroidManifest.xml:26:9-28:38
MERGED from [com.android.support:support-fragment:26.1.0] AndroidManifest.xml:26:9-28:38
MERGED from [com.android.support:support-core-utils:26.1.0] AndroidManifest.xml:26:9-28:38
MERGED from [com.android.support:support-core-utils:26.1.0] AndroidManifest.xml:26:9-28:38
MERGED from [com.android.support:support-core-ui:26.1.0] AndroidManifest.xml:26:9-28:38
MERGED from [com.android.support:support-core-ui:26.1.0] AndroidManifest.xml:26:9-28:38
MERGED from [com.android.support:support-compat:26.1.0] AndroidManifest.xml:26:9-28:38
MERGED from [com.android.support:support-compat:26.1.0] AndroidManifest.xml:26:9-28:38
	android:value
		ADDED from [com.android.support:appcompat-v7:26.1.0] AndroidManifest.xml:28:13-35
	android:name
		ADDED from [com.android.support:appcompat-v7:26.1.0] AndroidManifest.xml:27:13-51
uses-permission#android.permission.WRITE_EXTERNAL_STORAGE
IMPLIED from src/main/AndroidManifest.xml:2:1-26:12 reason: tensorflow.contrib.android has a targetSdkVersion < 4
uses-permission#android.permission.READ_PHONE_STATE
IMPLIED from src/main/AndroidManifest.xml:2:1-26:12 reason: tensorflow.contrib.android has a targetSdkVersion < 4
uses-permission#android.permission.READ_EXTERNAL_STORAGE
IMPLIED from src/main/AndroidManifest.xml:2:1-26:12 reason: tensorflow.contrib.android requested WRITE_EXTERNAL_STORAGE
meta-data#android.arch.lifecycle.VERSION
ADDED from [android.arch.lifecycle:runtime:1.0.0] AndroidManifest.xml:25:9-27:47
	android:value
		ADDED from [android.arch.lifecycle:runtime:1.0.0] AndroidManifest.xml:27:13-44
	android:name
		ADDED from [android.arch.lifecycle:runtime:1.0.0] AndroidManifest.xml:26:13-58